<?xml version="1.0" encoding="UTF-8"?>
<!-- Generated by org.testng.reporters.JUnitXMLReporter -->
<testsuite hostname="VARSHA" ignored="2" name="Default test" tests="1" failures="0" timestamp="09 Apr 2022 22:45:07 GMT" time="18.504" errors="0">
  <testcase name="accTest03" time="16.563" classname="com.sfdc.testCases.TC_AccountsTest_003"/>
  <testcase name="accTest01" time="0.0" classname="com.sfdc.testCases.TC_AccountsTest_003">
    <ignored/>
  </testcase> <!-- accTest01 -->
  <testcase name="accTest02" time="0.0" classname="com.sfdc.testCases.TC_AccountsTest_003">
    <ignored/>
  </testcase> <!-- accTest02 -->
</testsuite> <!-- Default test -->
