<?xml version="1.0" encoding="UTF-8"?>
<!-- Generated by org.testng.reporters.JUnitXMLReporter -->
<testsuite hostname="VARSHA" ignored="1" name="Default test" tests="1" failures="0" timestamp="02 Apr 2022 16:53:18 GMT" time="30.76" errors="0">
  <testcase name="userTest02" time="27.741" classname="com.sfdc.testCases.TC_UserMenuTest_002"/>
  <testcase name="userTest01" time="0.0" classname="com.sfdc.testCases.TC_UserMenuTest_002">
    <ignored/>
  </testcase> <!-- userTest01 -->
</testsuite> <!-- Default test -->
