<?xml version="1.0" encoding="UTF-8"?>
<!-- Generated by org.testng.reporters.JUnitXMLReporter -->
<testsuite hostname="VARSHA" ignored="5" tests="0" failures="0" timestamp="08 Apr 2022 22:14:52 GMT" time="0.157" errors="0">
  <testcase name="loginTest02" time="0.0" classname="com.sfdc.testCases.TC_LoginTest_001">
    <ignored/>
  </testcase> <!-- loginTest02 -->
  <testcase name="loginTest04" time="0.0" classname="com.sfdc.testCases.TC_LoginTest_001">
    <ignored/>
  </testcase> <!-- loginTest04 -->
  <testcase name="loginTest01" time="0.0" classname="com.sfdc.testCases.TC_LoginTest_001">
    <ignored/>
  </testcase> <!-- loginTest01 -->
  <testcase name="loginTest03" time="0.0" classname="com.sfdc.testCases.TC_LoginTest_001">
    <ignored/>
  </testcase> <!-- loginTest03 -->
  <testcase name="loginTest05" time="0.0" classname="com.sfdc.testCases.TC_LoginTest_001">
    <ignored/>
  </testcase> <!-- loginTest05 -->
</testsuite>
