<?xml version="1.0" encoding="UTF-8"?>
<!-- Generated by org.testng.reporters.JUnitXMLReporter -->
<testsuite hostname="VARSHA" ignored="1" name=" SFDC App Test" tests="6" failures="0" timestamp="04 Apr 2022 21:03:09 GMT" time="59.634" errors="0">
  <testcase name="loginTest01" time="5.125" classname="com.sfdc.testCases.TC_LoginTest_001"/>
  <testcase name="loginTest02" time="2.235" classname="com.sfdc.testCases.TC_LoginTest_001"/>
  <testcase name="loginTest03" time="11.103" classname="com.sfdc.testCases.TC_LoginTest_001"/>
  <testcase name="loginTest04" time="2.014" classname="com.sfdc.testCases.TC_LoginTest_001"/>
  <testcase name="loginTest05" time="1.561" classname="com.sfdc.testCases.TC_LoginTest_001"/>
  <testcase name="userTest02" time="26.176" classname="com.sfdc.testCases.TC_UserMenuTest_002"/>
  <testcase name="userTest01" time="0.0" classname="com.sfdc.testCases.TC_UserMenuTest_002">
    <ignored/>
  </testcase> <!-- userTest01 -->
</testsuite> <!--  SFDC App Test -->
