<?xml version="1.0" encoding="UTF-8"?>
<!-- Generated by org.testng.reporters.JUnitXMLReporter -->
<testsuite hostname="VARSHA" ignored="4" name="Test" tests="1" failures="0" timestamp="31 Mar 2022 20:45:20 GMT" time="13.408" errors="0">
  <testcase name="loginTest01" time="7.035" classname="com.sfdc.testCases.TC_LoginTest_001"/>
  <testcase name="loginTest02" time="0.0" classname="com.sfdc.testCases.TC_LoginTest_001">
    <ignored/>
  </testcase> <!-- loginTest02 -->
  <testcase name="loginTest04" time="0.0" classname="com.sfdc.testCases.TC_LoginTest_001">
    <ignored/>
  </testcase> <!-- loginTest04 -->
  <testcase name="loginTest03" time="0.0" classname="com.sfdc.testCases.TC_LoginTest_001">
    <ignored/>
  </testcase> <!-- loginTest03 -->
  <testcase name="loginTest05" time="0.0" classname="com.sfdc.testCases.TC_LoginTest_001">
    <ignored/>
  </testcase> <!-- loginTest05 -->
</testsuite> <!-- Test -->
