<?xml version="1.0" encoding="UTF-8"?>
<!-- Generated by org.testng.reporters.JUnitXMLReporter -->
<testsuite hostname="VARSHA" ignored="0" name=" SFDC App Test" tests="7" failures="0" timestamp="31 Mar 2022 20:16:50 GMT" time="62.405" errors="0">
  <testcase name="loginTest01" time="7.804" classname="com.sfdc.testCases.TC_LoginTest_001"/>
  <testcase name="loginTest02" time="1.844" classname="com.sfdc.testCases.TC_LoginTest_001"/>
  <testcase name="loginTest03" time="11.825" classname="com.sfdc.testCases.TC_LoginTest_001"/>
  <testcase name="loginTest04" time="2.008" classname="com.sfdc.testCases.TC_LoginTest_001"/>
  <testcase name="loginTest05" time="2.03" classname="com.sfdc.testCases.TC_LoginTest_001"/>
  <testcase name="userTest01" time="7.544" classname="com.sfdc.testCases.TC_UserMenuTest_002"/>
  <testcase name="userTest02" time="9.049" classname="com.sfdc.testCases.TC_UserMenuTest_002"/>
</testsuite> <!--  SFDC App Test -->
