<?xml version="1.0" encoding="UTF-8"?>
<testsuite xmlns:xsi="http://www.w3.org/2001/XMLSchema-instance" xsi:noNamespaceSchemaLocation="https://maven.apache.org/surefire/maven-surefire-plugin/xsd/surefire-test-report-3.0.xsd" version="3.0" name="TestSuite" time="107.373" tests="4" errors="0" skipped="3" failures="1">
  <properties>
[...]
</properties>
  <testcase name="userTest03" classname="com.sfdc.testCases.TC_UserMenuTest_002" time="0">
    <skipped message="no such element: Unable to locate element: {&quot;method&quot;:&quot;xpath&quot;,&quot;selector&quot;:&quot;//input[@name=&apos;dismiss_all&apos;]&quot;}&#10;  (Session info: chrome=102.0.5005.115)&#10;For documentation on this error, please visit: https://www.seleniumhq.org/exceptions/no_such_element.html&#10;Build info: version: &apos;3.141.59&apos;, revision: &apos;e82be7d358&apos;, time: &apos;2018-11-14T08:17:03&apos;&#10;System info: host: &apos;VARSHA&apos;, ip: &apos;192.168.1.30&apos;, os.name: &apos;Windows 10&apos;, os.arch: &apos;amd64&apos;, os.version: &apos;10.0&apos;, java.version: &apos;1.8.0_261&apos;&#10;Driver info: org.openqa.selenium.chrome.ChromeDriver&#10;Capabilities {acceptInsecureCerts: false, browserName: chrome, browserVersion: 102.0.5005.115, chrome: {chromedriverVersion: 102.0.5005.61 (0e59bcc00cc4..., userDataDir: C:\Users\varsh\AppData\Loca...}, goog:chromeOptions: {debuggerAddress: localhost:60918}, javascriptEnabled: true, networkConnectionEnabled: false, pageLoadStrategy: normal, platform: WINDOWS, platformName: WINDOWS, proxy: Proxy(), setWindowRect: true, strictFileInteractability: false, timeouts: {implicit: 0, pageLoad: 300000, script: 30000}, unhandledPromptBehavior: dismiss and notify, webauthn:extension:credBlob: true, webauthn:extension:largeBlob: true, webauthn:virtualAuthenticators: true}&#10;Session ID: 9760cb640cfedf083e5ce91fda87319e&#10;*** Element info: {Using=xpath, value=//input[@name=&apos;dismiss_all&apos;]}"/>
    <system-out><![CDATA[[TestNGContentHandler] [WARN] It is strongly recommended to add "<!DOCTYPE suite SYSTEM "http://testng.org/testng-1.0.dtd" >" at the top of your file, otherwise TestNG may fail or not work as expected.
 INFO [main] (TC_LoginTest_001.java :150)- url opened
 INFO [main] (TC_LoginTest_001.java :153)- Username entered
 INFO [main] (TC_LoginTest_001.java :155)- entered Password
 INFO [main] (TC_LoginTest_001.java :157)- Remember me checked
 INFO [main] (TC_LoginTest_001.java :159)- clicked on login
 INFO [main] (TC_UserMenuTest_002.java :103)- clicked on user menu button
 INFO [main] (TC_UserMenuTest_002.java :105)- waits for my Settings
 INFO [main] (TC_UserMenuTest_002.java :107)- clicked on my settings
 INFO [main] (TC_UserMenuTest_002.java :110)- selected personal
 INFO [main] (TC_UserMenuTest_002.java :112)- clicked on login history
 INFO [main] (TC_UserMenuTest_002.java :115)- clicked on Display n layout
 INFO [main] (TC_UserMenuTest_002.java :117)- clicked on Customise My tabs
 INFO [main] (TC_UserMenuTest_002.java :120)- clicked on SalesForce Chatter
 INFO [main] (TC_UserMenuTest_002.java :142)- email setting has been clicked
 INFO [main] (TC_UserMenuTest_002.java :144)- my email settings
 INFO [main] (TC_UserMenuTest_002.java :149)- entered email name and email address
https://tekarchcom8-dev-ed.my.salesforce.com/ui/core/activity/ReminderSettingsPage?setupid=Reminders&retURL=%2Fui%2Fsetup%2FSetup%3Fsetupid%3DCalendarAndReminders
CDwindow-F78AF7FBE3CF04A7B10614B79E8A68BC
https://tekarchcom8-dev-ed.my.salesforce.com/ui/core/activity/ReminderSettingsPage?setupid=Reminders&retURL=%2Fui%2Fsetup%2FSetup%3Fsetupid%3DCalendarAndReminders
https://tekarchcom8-dev-ed.my.salesforce.com/ui/core/activity/ReminderSettingsPage?setupid=Reminders&retURL=%2Fui%2Fsetup%2FSetup%3Fsetupid%3DCalendarAndReminders
]]></system-out>
    <system-err><![CDATA[Starting ChromeDriver 102.0.5005.61 (0e59bcc00cc4985ce39ad31c150065f159d95ad3-refs/branch-heads/5005@{#819}) on port 33282
Only local connections are allowed.
Please see https://chromedriver.chromium.org/security-considerations for suggestions on keeping ChromeDriver safe.
ChromeDriver was started successfully.
Jul 05, 2022 10:05:13 PM org.openqa.selenium.remote.ProtocolHandshake createSession
INFO: Detected dialect: W3C
]]></system-err>
  </testcase>
  <testcase name="userTest03" classname="com.sfdc.testCases.TC_UserMenuTest_002" time="0">
    <skipped message="no such element: Unable to locate element: {&quot;method&quot;:&quot;xpath&quot;,&quot;selector&quot;:&quot;//input[@name=&apos;dismiss_all&apos;]&quot;}&#10;  (Session info: chrome=102.0.5005.115)&#10;For documentation on this error, please visit: https://www.seleniumhq.org/exceptions/no_such_element.html&#10;Build info: version: &apos;3.141.59&apos;, revision: &apos;e82be7d358&apos;, time: &apos;2018-11-14T08:17:03&apos;&#10;System info: host: &apos;VARSHA&apos;, ip: &apos;192.168.1.30&apos;, os.name: &apos;Windows 10&apos;, os.arch: &apos;amd64&apos;, os.version: &apos;10.0&apos;, java.version: &apos;1.8.0_261&apos;&#10;Driver info: org.openqa.selenium.chrome.ChromeDriver&#10;Capabilities {acceptInsecureCerts: false, browserName: chrome, browserVersion: 102.0.5005.115, chrome: {chromedriverVersion: 102.0.5005.61 (0e59bcc00cc4..., userDataDir: C:\Users\varsh\AppData\Loca...}, goog:chromeOptions: {debuggerAddress: localhost:61012}, javascriptEnabled: true, networkConnectionEnabled: false, pageLoadStrategy: normal, platform: WINDOWS, platformName: WINDOWS, proxy: Proxy(), setWindowRect: true, strictFileInteractability: false, timeouts: {implicit: 0, pageLoad: 300000, script: 30000}, unhandledPromptBehavior: dismiss and notify, webauthn:extension:credBlob: true, webauthn:extension:largeBlob: true, webauthn:virtualAuthenticators: true}&#10;Session ID: aa2c1dc5f33b69d87e174335a1901ffc&#10;*** Element info: {Using=xpath, value=//input[@name=&apos;dismiss_all&apos;]}"/>
    <system-out><![CDATA[ INFO [main] (TC_LoginTest_001.java :150)- url opened
 INFO [main] (TC_LoginTest_001.java :153)- Username entered
 INFO [main] (TC_LoginTest_001.java :155)- entered Password
 INFO [main] (TC_LoginTest_001.java :157)- Remember me checked
 INFO [main] (TC_LoginTest_001.java :159)- clicked on login
 INFO [main] (TC_UserMenuTest_002.java :103)- clicked on user menu button
 INFO [main] (TC_UserMenuTest_002.java :105)- waits for my Settings
 INFO [main] (TC_UserMenuTest_002.java :107)- clicked on my settings
 INFO [main] (TC_UserMenuTest_002.java :110)- selected personal
 INFO [main] (TC_UserMenuTest_002.java :112)- clicked on login history
 INFO [main] (TC_UserMenuTest_002.java :115)- clicked on Display n layout
 INFO [main] (TC_UserMenuTest_002.java :117)- clicked on Customise My tabs
 INFO [main] (TC_UserMenuTest_002.java :120)- clicked on SalesForce Chatter
 INFO [main] (TC_UserMenuTest_002.java :142)- email setting has been clicked
 INFO [main] (TC_UserMenuTest_002.java :144)- my email settings
 INFO [main] (TC_UserMenuTest_002.java :149)- entered email name and email address
https://tekarchcom8-dev-ed.my.salesforce.com/ui/core/activity/ReminderSettingsPage?setupid=Reminders&retURL=%2Fui%2Fsetup%2FSetup%3Fsetupid%3DCalendarAndReminders
CDwindow-7DC1C13FD374376CBD5684194C1F5986
https://tekarchcom8-dev-ed.my.salesforce.com/ui/core/activity/ReminderSettingsPage?setupid=Reminders&retURL=%2Fui%2Fsetup%2FSetup%3Fsetupid%3DCalendarAndReminders
https://tekarchcom8-dev-ed.my.salesforce.com/ui/core/activity/ReminderSettingsPage?setupid=Reminders&retURL=%2Fui%2Fsetup%2FSetup%3Fsetupid%3DCalendarAndReminders
]]></system-out>
    <system-err><![CDATA[Starting ChromeDriver 102.0.5005.61 (0e59bcc00cc4985ce39ad31c150065f159d95ad3-refs/branch-heads/5005@{#819}) on port 23636
Only local connections are allowed.
Please see https://chromedriver.chromium.org/security-considerations for suggestions on keeping ChromeDriver safe.
ChromeDriver was started successfully.
Jul 05, 2022 10:05:41 PM org.openqa.selenium.remote.ProtocolHandshake createSession
INFO: Detected dialect: W3C
]]></system-err>
  </testcase>
  <testcase name="userTest03" classname="com.sfdc.testCases.TC_UserMenuTest_002" time="0">
    <skipped message="no such element: Unable to locate element: {&quot;method&quot;:&quot;xpath&quot;,&quot;selector&quot;:&quot;//input[@name=&apos;dismiss_all&apos;]&quot;}&#10;  (Session info: chrome=102.0.5005.115)&#10;For documentation on this error, please visit: https://www.seleniumhq.org/exceptions/no_such_element.html&#10;Build info: version: &apos;3.141.59&apos;, revision: &apos;e82be7d358&apos;, time: &apos;2018-11-14T08:17:03&apos;&#10;System info: host: &apos;VARSHA&apos;, ip: &apos;192.168.1.30&apos;, os.name: &apos;Windows 10&apos;, os.arch: &apos;amd64&apos;, os.version: &apos;10.0&apos;, java.version: &apos;1.8.0_261&apos;&#10;Driver info: org.openqa.selenium.chrome.ChromeDriver&#10;Capabilities {acceptInsecureCerts: false, browserName: chrome, browserVersion: 102.0.5005.115, chrome: {chromedriverVersion: 102.0.5005.61 (0e59bcc00cc4..., userDataDir: C:\Users\varsh\AppData\Loca...}, goog:chromeOptions: {debuggerAddress: localhost:61093}, javascriptEnabled: true, networkConnectionEnabled: false, pageLoadStrategy: normal, platform: WINDOWS, platformName: WINDOWS, proxy: Proxy(), setWindowRect: true, strictFileInteractability: false, timeouts: {implicit: 0, pageLoad: 300000, script: 30000}, unhandledPromptBehavior: dismiss and notify, webauthn:extension:credBlob: true, webauthn:extension:largeBlob: true, webauthn:virtualAuthenticators: true}&#10;Session ID: 856b4110fb44010837a31e5f87f17fb5&#10;*** Element info: {Using=xpath, value=//input[@name=&apos;dismiss_all&apos;]}"/>
    <system-out><![CDATA[ INFO [main] (TC_LoginTest_001.java :150)- url opened
 INFO [main] (TC_LoginTest_001.java :153)- Username entered
 INFO [main] (TC_LoginTest_001.java :155)- entered Password
 INFO [main] (TC_LoginTest_001.java :157)- Remember me checked
 INFO [main] (TC_LoginTest_001.java :159)- clicked on login
 INFO [main] (TC_UserMenuTest_002.java :103)- clicked on user menu button
 INFO [main] (TC_UserMenuTest_002.java :105)- waits for my Settings
 INFO [main] (TC_UserMenuTest_002.java :107)- clicked on my settings
 INFO [main] (TC_UserMenuTest_002.java :110)- selected personal
 INFO [main] (TC_UserMenuTest_002.java :112)- clicked on login history
 INFO [main] (TC_UserMenuTest_002.java :115)- clicked on Display n layout
 INFO [main] (TC_UserMenuTest_002.java :117)- clicked on Customise My tabs
 INFO [main] (TC_UserMenuTest_002.java :120)- clicked on SalesForce Chatter
 INFO [main] (TC_UserMenuTest_002.java :142)- email setting has been clicked
 INFO [main] (TC_UserMenuTest_002.java :144)- my email settings
 INFO [main] (TC_UserMenuTest_002.java :149)- entered email name and email address
https://tekarchcom8-dev-ed.my.salesforce.com/ui/core/activity/ReminderSettingsPage?setupid=Reminders&retURL=%2Fui%2Fsetup%2FSetup%3Fsetupid%3DCalendarAndReminders
CDwindow-9DC7CB4F9CFC5D0DF316B9DDF95EA771
https://tekarchcom8-dev-ed.my.salesforce.com/ui/core/activity/ReminderSettingsPage?setupid=Reminders&retURL=%2Fui%2Fsetup%2FSetup%3Fsetupid%3DCalendarAndReminders
https://tekarchcom8-dev-ed.my.salesforce.com/ui/core/activity/ReminderSettingsPage?setupid=Reminders&retURL=%2Fui%2Fsetup%2FSetup%3Fsetupid%3DCalendarAndReminders
]]></system-out>
    <system-err><![CDATA[Starting ChromeDriver 102.0.5005.61 (0e59bcc00cc4985ce39ad31c150065f159d95ad3-refs/branch-heads/5005@{#819}) on port 36253
Only local connections are allowed.
Please see https://chromedriver.chromium.org/security-considerations for suggestions on keeping ChromeDriver safe.
ChromeDriver was started successfully.
Jul 05, 2022 10:06:08 PM org.openqa.selenium.remote.ProtocolHandshake createSession
INFO: Detected dialect: W3C
]]></system-err>
  </testcase>
  <testcase name="userTest03" classname="com.sfdc.testCases.TC_UserMenuTest_002" time="22.748">
    <failure message="no such element: Unable to locate element: {&quot;method&quot;:&quot;xpath&quot;,&quot;selector&quot;:&quot;//input[@name=&apos;dismiss_all&apos;]&quot;}&#10;  (Session info: chrome=102.0.5005.115)&#10;For documentation on this error, please visit: https://www.seleniumhq.org/exceptions/no_such_element.html&#10;Build info: version: &apos;3.141.59&apos;, revision: &apos;e82be7d358&apos;, time: &apos;2018-11-14T08:17:03&apos;&#10;System info: host: &apos;VARSHA&apos;, ip: &apos;192.168.1.30&apos;, os.name: &apos;Windows 10&apos;, os.arch: &apos;amd64&apos;, os.version: &apos;10.0&apos;, java.version: &apos;1.8.0_261&apos;&#10;Driver info: org.openqa.selenium.chrome.ChromeDriver&#10;Capabilities {acceptInsecureCerts: false, browserName: chrome, browserVersion: 102.0.5005.115, chrome: {chromedriverVersion: 102.0.5005.61 (0e59bcc00cc4..., userDataDir: C:\Users\varsh\AppData\Loca...}, goog:chromeOptions: {debuggerAddress: localhost:61225}, javascriptEnabled: true, networkConnectionEnabled: false, pageLoadStrategy: normal, platform: WINDOWS, platformName: WINDOWS, proxy: Proxy(), setWindowRect: true, strictFileInteractability: false, timeouts: {implicit: 0, pageLoad: 300000, script: 30000}, unhandledPromptBehavior: dismiss and notify, webauthn:extension:credBlob: true, webauthn:extension:largeBlob: true, webauthn:virtualAuthenticators: true}&#10;Session ID: b9d26b20bffad9130d45654eb9b7ac4e&#10;*** Element info: {Using=xpath, value=//input[@name=&apos;dismiss_all&apos;]}" type="org.openqa.selenium.NoSuchElementException"><![CDATA[org.openqa.selenium.NoSuchElementException: 
no such element: Unable to locate element: {"method":"xpath","selector":"//input[@name='dismiss_all']"}
  (Session info: chrome=102.0.5005.115)
For documentation on this error, please visit: https://www.seleniumhq.org/exceptions/no_such_element.html
Build info: version: '3.141.59', revision: 'e82be7d358', time: '2018-11-14T08:17:03'
System info: host: 'VARSHA', ip: '192.168.1.30', os.name: 'Windows 10', os.arch: 'amd64', os.version: '10.0', java.version: '1.8.0_261'
Driver info: org.openqa.selenium.chrome.ChromeDriver
Capabilities {acceptInsecureCerts: false, browserName: chrome, browserVersion: 102.0.5005.115, chrome: {chromedriverVersion: 102.0.5005.61 (0e59bcc00cc4..., userDataDir: C:\Users\varsh\AppData\Loca...}, goog:chromeOptions: {debuggerAddress: localhost:61225}, javascriptEnabled: true, networkConnectionEnabled: false, pageLoadStrategy: normal, platform: WINDOWS, platformName: WINDOWS, proxy: Proxy(), setWindowRect: true, strictFileInteractability: false, timeouts: {implicit: 0, pageLoad: 300000, script: 30000}, unhandledPromptBehavior: dismiss and notify, webauthn:extension:credBlob: true, webauthn:extension:largeBlob: true, webauthn:virtualAuthenticators: true}
Session ID: b9d26b20bffad9130d45654eb9b7ac4e
*** Element info: {Using=xpath, value=//input[@name='dismiss_all']}
	at com.sfdc.testCases.TC_UserMenuTest_002.userTest03(TC_UserMenuTest_002.java:169)
]]></failure>
    <system-out><![CDATA[ INFO [main] (TC_LoginTest_001.java :150)- url opened
 INFO [main] (TC_LoginTest_001.java :153)- Username entered
 INFO [main] (TC_LoginTest_001.java :155)- entered Password
 INFO [main] (TC_LoginTest_001.java :157)- Remember me checked
 INFO [main] (TC_LoginTest_001.java :159)- clicked on login
 INFO [main] (TC_UserMenuTest_002.java :103)- clicked on user menu button
 INFO [main] (TC_UserMenuTest_002.java :105)- waits for my Settings
 INFO [main] (TC_UserMenuTest_002.java :107)- clicked on my settings
 INFO [main] (TC_UserMenuTest_002.java :110)- selected personal
 INFO [main] (TC_UserMenuTest_002.java :112)- clicked on login history
 INFO [main] (TC_UserMenuTest_002.java :115)- clicked on Display n layout
 INFO [main] (TC_UserMenuTest_002.java :117)- clicked on Customise My tabs
 INFO [main] (TC_UserMenuTest_002.java :120)- clicked on SalesForce Chatter
 INFO [main] (TC_UserMenuTest_002.java :142)- email setting has been clicked
 INFO [main] (TC_UserMenuTest_002.java :144)- my email settings
 INFO [main] (TC_UserMenuTest_002.java :149)- entered email name and email address
https://tekarchcom8-dev-ed.my.salesforce.com/ui/core/activity/ReminderSettingsPage?setupid=Reminders&retURL=%2Fui%2Fsetup%2FSetup%3Fsetupid%3DCalendarAndReminders
CDwindow-3C44783E8A49FE51277D2BEFF173FC0F
https://tekarchcom8-dev-ed.my.salesforce.com/ui/core/activity/ReminderSettingsPage?setupid=Reminders&retURL=%2Fui%2Fsetup%2FSetup%3Fsetupid%3DCalendarAndReminders
https://tekarchcom8-dev-ed.my.salesforce.com/ui/core/activity/ReminderSettingsPage?setupid=Reminders&retURL=%2Fui%2Fsetup%2FSetup%3Fsetupid%3DCalendarAndReminders
]]></system-out>
    <system-err><![CDATA[Starting ChromeDriver 102.0.5005.61 (0e59bcc00cc4985ce39ad31c150065f159d95ad3-refs/branch-heads/5005@{#819}) on port 25415
Only local connections are allowed.
Please see https://chromedriver.chromium.org/security-considerations for suggestions on keeping ChromeDriver safe.
ChromeDriver was started successfully.
Jul 05, 2022 10:06:33 PM org.openqa.selenium.remote.ProtocolHandshake createSession
INFO: Detected dialect: W3C
]]></system-err>
  </testcase>
</testsuite>