<?xml version="1.0" encoding="UTF-8"?>
<testsuite xmlns:xsi="http://www.w3.org/2001/XMLSchema-instance" xsi:noNamespaceSchemaLocation="https://maven.apache.org/surefire/maven-surefire-plugin/xsd/surefire-test-report-3.0.xsd" version="3.0" name="TestSuite" time="91.403" tests="7" errors="0" skipped="0" failures="0">
  <properties>
[...]
</properties>
  <testcase name="loginTest01" classname="com.sfdc.testCases.TC_LoginTest_001" time="7.016">
    <system-out><![CDATA[ INFO [TestNG-tests-1] (TC_LoginTest_001.java :24)- url opened
 INFO [TestNG-tests-1] (TC_LoginTest_001.java :28)- Username entered
 INFO [TestNG-tests-1] (TC_LoginTest_001.java :30)- entered Password
 INFO [TestNG-tests-1] (TC_LoginTest_001.java :32)- Remember me checked
 INFO [TestNG-tests-1] (TC_LoginTest_001.java :34)- clicked on login
Varsha lastn
 INFO [TestNG-tests-1] (TC_LoginTest_001.java :39)- login pass
]]></system-out>
    <system-err><![CDATA[Starting ChromeDriver 99.0.4844.51 (d537ec02474b5afe23684e7963d538896c63ac77-refs/branch-heads/4844@{#875}) on port 2148
Only local connections are allowed.
Please see https://chromedriver.chromium.org/security-considerations for suggestions on keeping ChromeDriver safe.
ChromeDriver was started successfully.
[1649107317.964][WARNING]: This version of ChromeDriver has not been tested with Chrome version 100.
Apr 04, 2022 2:21:58 PM org.openqa.selenium.remote.ProtocolHandshake createSession
INFO: Detected dialect: W3C
]]></system-err>
  </testcase>
  <testcase name="loginTest02" classname="com.sfdc.testCases.TC_LoginTest_001" time="2.952">
    <system-out><![CDATA[ INFO [TestNG-tests-1] (BaseClass.java :78)- time taken for test 7050
 INFO [TestNG-tests-1] (TC_LoginTest_001.java :51)- url opened
 INFO [TestNG-tests-1] (TC_LoginTest_001.java :55)- Username entered
 INFO [TestNG-tests-1] (TC_LoginTest_001.java :57)- entered no Password
 INFO [TestNG-tests-1] (TC_LoginTest_001.java :59)- Remember me checked
 INFO [TestNG-tests-1] (TC_LoginTest_001.java :61)- clicked on login
 INFO [TestNG-tests-1] (TC_LoginTest_001.java :65)- Please enter your password. error msg
 INFO [TestNG-tests-1] (TC_LoginTest_001.java :66)- login doesnot happened
]]></system-out>
    <system-err><![CDATA[Starting ChromeDriver 99.0.4844.51 (d537ec02474b5afe23684e7963d538896c63ac77-refs/branch-heads/4844@{#875}) on port 48406
Only local connections are allowed.
Please see https://chromedriver.chromium.org/security-considerations for suggestions on keeping ChromeDriver safe.
ChromeDriver was started successfully.
[1649107327.282][WARNING]: This version of ChromeDriver has not been tested with Chrome version 100.
Apr 04, 2022 2:22:07 PM org.openqa.selenium.remote.ProtocolHandshake createSession
INFO: Detected dialect: W3C
]]></system-err>
  </testcase>
  <testcase name="loginTest03" classname="com.sfdc.testCases.TC_LoginTest_001" time="15.312">
    <system-out><![CDATA[ INFO [TestNG-tests-1] (BaseClass.java :78)- time taken for test 2987
 INFO [TestNG-tests-1] (TC_LoginTest_001.java :79)- url opened
 INFO [TestNG-tests-1] (TC_LoginTest_001.java :83)- Username entered
 INFO [TestNG-tests-1] (TC_LoginTest_001.java :85)- entered Password
 INFO [TestNG-tests-1] (TC_LoginTest_001.java :87)- Remember me checked
 INFO [TestNG-tests-1] (TC_LoginTest_001.java :89)- clicked on login
 INFO [TestNG-tests-1] (TC_LoginTest_001.java :93)- clicked on user menu button
 INFO [TestNG-tests-1] (TC_LoginTest_001.java :95)- clicked logout
 INFO [TestNG-tests-1] (TC_LoginTest_001.java :98)- username is available after logout
]]></system-out>
    <system-err><![CDATA[Starting ChromeDriver 99.0.4844.51 (d537ec02474b5afe23684e7963d538896c63ac77-refs/branch-heads/4844@{#875}) on port 19272
Only local connections are allowed.
Please see https://chromedriver.chromium.org/security-considerations for suggestions on keeping ChromeDriver safe.
ChromeDriver was started successfully.
[1649107332.821][WARNING]: This version of ChromeDriver has not been tested with Chrome version 100.
Apr 04, 2022 2:22:12 PM org.openqa.selenium.remote.ProtocolHandshake createSession
INFO: Detected dialect: W3C
]]></system-err>
  </testcase>
  <testcase name="loginTest04" classname="com.sfdc.testCases.TC_LoginTest_001" time="2.659">
    <system-out><![CDATA[ INFO [TestNG-tests-1] (BaseClass.java :78)- time taken for test 15323
 INFO [TestNG-tests-1] (TC_LoginTest_001.java :109)- url opened
 INFO [TestNG-tests-1] (TC_LoginTest_001.java :112)- clicked on forgot your password?
 INFO [TestNG-tests-1] (TC_LoginTest_001.java :115)- Entered username to reset password
 INFO [TestNG-tests-1] (TC_LoginTest_001.java :117)- clicked on continue btn
 INFO [TestNG-tests-1] (TC_LoginTest_001.java :119)- got reset msg as : Check Your Email
 INFO [TestNG-tests-1] (TC_LoginTest_001.java :121)- Clicked on return btn
 INFO [TestNG-tests-1] (TC_LoginTest_001.java :124)- pass
]]></system-out>
    <system-err><![CDATA[Starting ChromeDriver 99.0.4844.51 (d537ec02474b5afe23684e7963d538896c63ac77-refs/branch-heads/4844@{#875}) on port 22255
Only local connections are allowed.
Please see https://chromedriver.chromium.org/security-considerations for suggestions on keeping ChromeDriver safe.
ChromeDriver was started successfully.
[1649107350.102][WARNING]: This version of ChromeDriver has not been tested with Chrome version 100.
Apr 04, 2022 2:22:30 PM org.openqa.selenium.remote.ProtocolHandshake createSession
INFO: Detected dialect: W3C
]]></system-err>
  </testcase>
  <testcase name="loginTest05" classname="com.sfdc.testCases.TC_LoginTest_001" time="4.39">
    <system-out><![CDATA[ INFO [TestNG-tests-1] (BaseClass.java :78)- time taken for test 2662
 INFO [TestNG-tests-1] (TC_LoginTest_001.java :134)- url opened
 INFO [TestNG-tests-1] (TC_LoginTest_001.java :137)- Entered wrong username
 INFO [TestNG-tests-1] (TC_LoginTest_001.java :139)- Entered wrong password
 INFO [TestNG-tests-1] (TC_LoginTest_001.java :141)- clicked on login
 INFO [TestNG-tests-1] (TC_LoginTest_001.java :143)- Please check your username and password. If you still can't log in, contact your Salesforce administrator. this msg we got
]]></system-out>
    <system-err><![CDATA[Starting ChromeDriver 99.0.4844.51 (d537ec02474b5afe23684e7963d538896c63ac77-refs/branch-heads/4844@{#875}) on port 44219
Only local connections are allowed.
Please see https://chromedriver.chromium.org/security-considerations for suggestions on keeping ChromeDriver safe.
ChromeDriver was started successfully.
[1649107355.952][WARNING]: This version of ChromeDriver has not been tested with Chrome version 100.
Apr 04, 2022 2:22:36 PM org.openqa.selenium.remote.ProtocolHandshake createSession
INFO: Detected dialect: W3C
]]></system-err>
  </testcase>
  <testcase name="userTest01" classname="com.sfdc.testCases.TC_UserMenuTest_002" time="8.455">
    <system-out><![CDATA[ INFO [TestNG-tests-1] (BaseClass.java :78)- time taken for test 4402
 INFO [TestNG-tests-1] (TC_LoginTest_001.java :149)- url opened
 INFO [TestNG-tests-1] (TC_LoginTest_001.java :152)- Username entered
 INFO [TestNG-tests-1] (TC_LoginTest_001.java :154)- entered Password
 INFO [TestNG-tests-1] (TC_LoginTest_001.java :156)- Remember me checked
 INFO [TestNG-tests-1] (TC_LoginTest_001.java :158)- clicked on login
 INFO [TestNG-tests-1] (TC_UserMenuTest_002.java :23)- clicked on user menu button
My Profile
My Settings
Developer Console
Switch to Lightning Experience
Logout
 INFO [TestNG-tests-1] (TC_UserMenuTest_002.java :25)- got menu items
]]></system-out>
    <system-err><![CDATA[Starting ChromeDriver 99.0.4844.51 (d537ec02474b5afe23684e7963d538896c63ac77-refs/branch-heads/4844@{#875}) on port 18807
Only local connections are allowed.
Please see https://chromedriver.chromium.org/security-considerations for suggestions on keeping ChromeDriver safe.
ChromeDriver was started successfully.
[1649107362.816][WARNING]: This version of ChromeDriver has not been tested with Chrome version 100.
Apr 04, 2022 2:22:43 PM org.openqa.selenium.remote.ProtocolHandshake createSession
INFO: Detected dialect: W3C
]]></system-err>
  </testcase>
  <testcase name="userTest02" classname="com.sfdc.testCases.TC_UserMenuTest_002" time="30.354">
    <system-out><![CDATA[ INFO [TestNG-tests-1] (BaseClass.java :78)- time taken for test 8477
 INFO [TestNG-tests-1] (TC_LoginTest_001.java :149)- url opened
 INFO [TestNG-tests-1] (TC_LoginTest_001.java :152)- Username entered
 INFO [TestNG-tests-1] (TC_LoginTest_001.java :154)- entered Password
 INFO [TestNG-tests-1] (TC_LoginTest_001.java :156)- Remember me checked
 INFO [TestNG-tests-1] (TC_LoginTest_001.java :158)- clicked on login
 INFO [TestNG-tests-1] (TC_UserMenuTest_002.java :35)- clicked on user menu button
yes My Profile
 INFO [TestNG-tests-1] (TC_UserMenuTest_002.java :38)- waits for my profile
yes My Profile
 INFO [TestNG-tests-1] (TC_UserMenuTest_002.java :40)- pass my profile to a webelement variable
 INFO [TestNG-tests-1] (TC_UserMenuTest_002.java :42)- cicked on myprofile
 INFO [TestNG-tests-1] (TC_UserMenuTest_002.java :44)- waiting for edit icon
 INFO [TestNG-tests-1] (TC_UserMenuTest_002.java :47)- clicked on edit icon
 INFO [TestNG-tests-1] (TC_UserMenuTest_002.java :50)- clicked on about tab
 INFO [TestNG-tests-1] (TC_UserMenuTest_002.java :52)- last name changed
 INFO [TestNG-tests-1] (TC_UserMenuTest_002.java :54)- saved last name
Varsha lastn 
 INFO [TestNG-tests-1] (TC_UserMenuTest_002.java :60)- pass
 INFO [TestNG-tests-1] (TC_UserMenuTest_002.java :66)- clicked on post
 INFO [TestNG-tests-1] (TC_UserMenuTest_002.java :68)- text entered to post
 INFO [TestNG-tests-1] (TC_UserMenuTest_002.java :70)- pass post shared.
 INFO [TestNG-tests-1] (TC_UserMenuTest_002.java :72)- clicked on file
]]></system-out>
    <system-err><![CDATA[Starting ChromeDriver 99.0.4844.51 (d537ec02474b5afe23684e7963d538896c63ac77-refs/branch-heads/4844@{#875}) on port 43760
Only local connections are allowed.
Please see https://chromedriver.chromium.org/security-considerations for suggestions on keeping ChromeDriver safe.
ChromeDriver was started successfully.
[1649107374.248][WARNING]: This version of ChromeDriver has not been tested with Chrome version 100.
Apr 04, 2022 2:22:54 PM org.openqa.selenium.remote.ProtocolHandshake createSession
INFO: Detected dialect: W3C
]]></system-err>
  </testcase>
</testsuite>