<?xml version="1.0" encoding="UTF-8"?>
<!-- Generated by org.testng.reporters.JUnitXMLReporter -->
<testsuite hostname="VARSHA" ignored="0" name=" SFDC App Test" tests="7" failures="0" timestamp="04 Apr 2022 21:23:25 GMT" time="89.952" errors="0">
  <testcase name="loginTest01" time="7.038" classname="com.sfdc.testCases.TC_LoginTest_001"/>
  <testcase name="loginTest02" time="2.984" classname="com.sfdc.testCases.TC_LoginTest_001"/>
  <testcase name="loginTest03" time="15.323" classname="com.sfdc.testCases.TC_LoginTest_001"/>
  <testcase name="loginTest04" time="2.66" classname="com.sfdc.testCases.TC_LoginTest_001"/>
  <testcase name="loginTest05" time="4.399" classname="com.sfdc.testCases.TC_LoginTest_001"/>
  <testcase name="userTest01" time="8.474" classname="com.sfdc.testCases.TC_UserMenuTest_002"/>
  <testcase name="userTest02" time="30.372" classname="com.sfdc.testCases.TC_UserMenuTest_002"/>
</testsuite> <!--  SFDC App Test -->
