<?xml version="1.0" encoding="UTF-8"?>
<!-- Generated by org.testng.reporters.JUnitXMLReporter -->
<testsuite hostname="VARSHA" ignored="0" name=" SFDC App Test" tests="5" failures="0" timestamp="06 Apr 2022 05:46:04 GMT" time="37.12" errors="0">
  <testcase name="loginTest01" time="5.874" classname="com.sfdc.testCases.TC_LoginTest_001"/>
  <testcase name="loginTest02" time="4.136" classname="com.sfdc.testCases.TC_LoginTest_001"/>
  <testcase name="loginTest03" time="10.52" classname="com.sfdc.testCases.TC_LoginTest_001"/>
  <testcase name="loginTest04" time="1.945" classname="com.sfdc.testCases.TC_LoginTest_001"/>
  <testcase name="loginTest05" time="2.046" classname="com.sfdc.testCases.TC_LoginTest_001"/>
</testsuite> <!--  SFDC App Test -->
