<?xml version="1.0" encoding="UTF-8"?>
<testng-results skipped="0" failed="0" ignored="2" total="3" passed="1">
  <reporter-output>
  </reporter-output>
  <suite name="Default suite" duration-ms="18504" started-at="2022-04-09T22:44:49Z" finished-at="2022-04-09T22:45:07Z">
    <groups>
    </groups>
    <test name="Default test" duration-ms="18504" started-at="2022-04-09T22:44:49Z" finished-at="2022-04-09T22:45:07Z">
      <class name="com.sfdc.testCases.TC_AccountsTest_003">
        <test-method status="PASS" signature="setup()[pri:0, instance:com.sfdc.testCases.TC_AccountsTest_003@59d016c9]" name="setup" is-config="true" duration-ms="1823" started-at="2022-04-09T22:44:49Z" finished-at="2022-04-09T22:44:51Z">
          <reporter-output>
          </reporter-output>
        </test-method> <!-- setup -->
        <test-method status="PASS" signature="accTest03()[pri:0, instance:com.sfdc.testCases.TC_AccountsTest_003@59d016c9]" name="accTest03" duration-ms="16563" started-at="2022-04-09T22:44:51Z" finished-at="2022-04-09T22:45:07Z">
          <reporter-output>
          </reporter-output>
        </test-method> <!-- accTest03 -->
        <test-method status="PASS" signature="tearDown()[pri:0, instance:com.sfdc.testCases.TC_AccountsTest_003@59d016c9]" name="tearDown" is-config="true" duration-ms="0" started-at="2022-04-09T22:45:07Z" finished-at="2022-04-09T22:45:07Z">
          <reporter-output>
          </reporter-output>
        </test-method> <!-- tearDown -->
        <test-method status="PASS" signature="closeDriver()[pri:0, instance:com.sfdc.testCases.TC_AccountsTest_003@59d016c9]" name="closeDriver" is-config="true" duration-ms="0" started-at="2022-04-09T22:45:07Z" finished-at="2022-04-09T22:45:07Z">
          <reporter-output>
          </reporter-output>
        </test-method> <!-- closeDriver -->
      </class> <!-- com.sfdc.testCases.TC_AccountsTest_003 -->
    </test> <!-- Default test -->
  </suite> <!-- Default suite -->
</testng-results>
